<?xml version="1.0" encoding="UTF-8"?>
<testng-results ignored="0" total="8" passed="8" failed="0" skipped="0">
  <reporter-output>
  </reporter-output>
  <suite started-at="2021-08-16T21:59:39Z" name="Suite" finished-at="2021-08-16T22:00:09Z" duration-ms="30096">
    <groups>
    </groups>
    <test started-at="2021-08-16T21:59:39Z" name="Test" finished-at="2021-08-16T22:00:09Z" duration-ms="30096">
      <class name="calculatortesting.Division">
        <test-method signature="intidriver()[pri:1, instance:calculatortesting.Division@45ac5f9b]" started-at="2021-08-16T21:59:50Z" name="intidriver" finished-at="2021-08-16T21:59:55Z" duration-ms="4798" status="PASS">
          <reporter-output>
          </reporter-output>
        </test-method> <!-- intidriver -->
        <test-method signature="navigate()[pri:2, instance:calculatortesting.Division@45ac5f9b]" started-at="2021-08-16T22:00:08Z" name="navigate" finished-at="2021-08-16T22:00:09Z" duration-ms="390" status="PASS">
          <reporter-output>
          </reporter-output>
        </test-method> <!-- navigate -->
      </class> <!-- calculatortesting.Division -->
      <class name="calculatortesting.addition">
        <test-method signature="intidriver()[pri:1, instance:calculatortesting.addition@135606db]" started-at="2021-08-16T21:59:55Z" name="intidriver" finished-at="2021-08-16T22:00:07Z" duration-ms="11896" status="PASS">
          <reporter-output>
          </reporter-output>
        </test-method> <!-- intidriver -->
        <test-method signature="navigate()[pri:2, instance:calculatortesting.addition@135606db]" started-at="2021-08-16T22:00:09Z" name="navigate" finished-at="2021-08-16T22:00:09Z" duration-ms="766" status="PASS">
          <reporter-output>
          </reporter-output>
        </test-method> <!-- navigate -->
      </class> <!-- calculatortesting.addition -->
      <class name="calculatortesting.Substraction">
        <test-method signature="intidriver()[pri:1, instance:calculatortesting.Substraction@16aa8654]" started-at="2021-08-16T21:59:39Z" name="intidriver" finished-at="2021-08-16T21:59:46Z" duration-ms="6288" status="PASS">
          <reporter-output>
          </reporter-output>
        </test-method> <!-- intidriver -->
        <test-method signature="navigate()[pri:2, instance:calculatortesting.Substraction@16aa8654]" started-at="2021-08-16T22:00:07Z" name="navigate" finished-at="2021-08-16T22:00:08Z" duration-ms="802" status="PASS">
          <reporter-output>
          </reporter-output>
        </test-method> <!-- navigate -->
      </class> <!-- calculatortesting.Substraction -->
      <class name="calculatortesting.multiplication">
        <test-method signature="intidriver()[pri:1, instance:calculatortesting.multiplication@6d7fc27]" started-at="2021-08-16T21:59:46Z" name="intidriver" finished-at="2021-08-16T21:59:50Z" duration-ms="4698" status="PASS">
          <reporter-output>
          </reporter-output>
        </test-method> <!-- intidriver -->
        <test-method signature="navigate()[pri:2, instance:calculatortesting.multiplication@6d7fc27]" started-at="2021-08-16T22:00:08Z" name="navigate" finished-at="2021-08-16T22:00:08Z" duration-ms="375" status="PASS">
          <reporter-output>
          </reporter-output>
        </test-method> <!-- navigate -->
      </class> <!-- calculatortesting.multiplication -->
    </test> <!-- Test -->
  </suite> <!-- Suite -->
</testng-results>
