<?xml version="1.0" encoding="UTF-8"?>
<!-- Generated by org.testng.reporters.JUnitXMLReporter -->
<testsuite ignored="0" hostname="Pannu" failures="0" tests="8" name="Test" time="30.096" errors="0" timestamp="16 Aug 2021 22:00:10 GMT">
  <testcase classname="calculatortesting.Substraction" name="intidriver" time="6.288"/>
  <testcase classname="calculatortesting.multiplication" name="intidriver" time="4.698"/>
  <testcase classname="calculatortesting.Division" name="intidriver" time="4.798"/>
  <testcase classname="calculatortesting.addition" name="intidriver" time="11.896"/>
  <testcase classname="calculatortesting.Substraction" name="navigate" time="0.802"/>
  <testcase classname="calculatortesting.multiplication" name="navigate" time="0.375"/>
  <testcase classname="calculatortesting.Division" name="navigate" time="0.39"/>
  <testcase classname="calculatortesting.addition" name="navigate" time="0.766"/>
</testsuite> <!-- Test -->
